<?xml version="1.0" encoding="UTF-8"?>
<testsuite xmlns:xsi="http://www.w3.org/2001/XMLSchema-instance" xsi:noNamespaceSchemaLocation="https://maven.apache.org/surefire/maven-surefire-plugin/xsd/surefire-test-report-3.0.xsd" version="3.0" name="com.example.securingweb.SecuringWebApplicationTests" time="6.968" tests="5" errors="0" skipped="0" failures="1">
  <properties>
[...]
</properties>
  <testcase name="accessUnsecuredResourceThenOk" classname="com.example.securingweb.SecuringWebApplicationTests" time="0.771">
    <system-out><![CDATA[13:01:08.318 [main] INFO org.springframework.test.context.support.AnnotationConfigContextLoaderUtils -- Could not detect default configuration classes for test class [com.example.securingweb.SecuringWebApplicationTests]: SecuringWebApplicationTests does not declare any static, non-private, non-final, nested classes annotated with @Configuration.
13:01:08.469 [main] INFO org.springframework.boot.test.context.SpringBootTestContextBootstrapper -- Found @SpringBootConfiguration com.example.securingweb.SecuringWebApplication for test class com.example.securingweb.SecuringWebApplicationTests
  .   ____          _            __ _ _
 /\\ / ___'_ __ _ _(_)_ __  __ _ \ \ \ \
( ( )\___ | '_ | '_| | '_ \/ _` | \ \ \ \
 \\/  ___)| |_)| | | | | || (_| |  ) ) ) )
  '  |____| .__|_| |_|_| |_\__, | / / / /
 =========|_|==============|___/=/_/_/_/

 :: Spring Boot ::                (v3.3.0)

2025-09-22T13:01:08.976+07:00  INFO 9048 --- [secure-web] [           main] c.e.s.SecuringWebApplicationTests        : Starting SecuringWebApplicationTests using Java 17.0.12 with PID 9048 (started by elect in C:\Users\elect\OneDrive\Desktop\secure\gs-securing-web\complete)
2025-09-22T13:01:08.978+07:00  INFO 9048 --- [secure-web] [           main] c.e.s.SecuringWebApplicationTests        : No active profile set, falling back to 1 default profile: "default"
2025-09-22T13:01:09.798+07:00  INFO 9048 --- [secure-web] [           main] .s.d.r.c.RepositoryConfigurationDelegate : Bootstrapping Spring Data JPA repositories in DEFAULT mode.
2025-09-22T13:01:09.864+07:00  INFO 9048 --- [secure-web] [           main] .s.d.r.c.RepositoryConfigurationDelegate : Finished Spring Data repository scanning in 57 ms. Found 1 JPA repository interface.
2025-09-22T13:01:10.439+07:00  INFO 9048 --- [secure-web] [           main] o.hibernate.jpa.internal.util.LogHelper  : HHH000204: Processing PersistenceUnitInfo [name: default]
2025-09-22T13:01:10.524+07:00  INFO 9048 --- [secure-web] [           main] org.hibernate.Version                    : HHH000412: Hibernate ORM core version 6.5.2.Final
2025-09-22T13:01:10.585+07:00  INFO 9048 --- [secure-web] [           main] o.h.c.internal.RegionFactoryInitiator    : HHH000026: Second-level cache disabled
2025-09-22T13:01:11.046+07:00  INFO 9048 --- [secure-web] [           main] o.s.o.j.p.SpringPersistenceUnitInfo      : No LoadTimeWeaver setup: ignoring JPA class transformer
2025-09-22T13:01:11.093+07:00  INFO 9048 --- [secure-web] [           main] com.zaxxer.hikari.HikariDataSource       : HikariPool-1 - Starting...
2025-09-22T13:01:11.291+07:00  INFO 9048 --- [secure-web] [           main] com.zaxxer.hikari.pool.HikariPool        : HikariPool-1 - Added connection conn0: url=jdbc:h2:mem:testdb user=SA
2025-09-22T13:01:11.293+07:00  INFO 9048 --- [secure-web] [           main] com.zaxxer.hikari.HikariDataSource       : HikariPool-1 - Start completed.
2025-09-22T13:01:12.303+07:00  INFO 9048 --- [secure-web] [           main] o.h.e.t.j.p.i.JtaPlatformInitiator       : HHH000489: No JTA platform available (set 'hibernate.transaction.jta.platform' to enable JTA platform integration)
Hibernate: create table users (id bigint generated by default as identity, password varchar(255), role varchar(255), username varchar(255) not null, primary key (id))
Hibernate: alter table if exists users drop constraint if exists UKr43af9ap4edm43mmtq01oddj6
Hibernate: alter table if exists users add constraint UKr43af9ap4edm43mmtq01oddj6 unique (username)
2025-09-22T13:01:12.363+07:00  INFO 9048 --- [secure-web] [           main] j.LocalContainerEntityManagerFactoryBean : Initialized JPA EntityManagerFactory for persistence unit 'default'
2025-09-22T13:01:12.729+07:00  WARN 9048 --- [secure-web] [           main] JpaBaseConfiguration$JpaWebConfiguration : spring.jpa.open-in-view is enabled by default. Therefore, database queries may be performed during view rendering. Explicitly configure spring.jpa.open-in-view to disable this warning
2025-09-22T13:01:12.770+07:00  INFO 9048 --- [secure-web] [           main] eAuthenticationProviderManagerConfigurer : Global AuthenticationManager configured with AuthenticationProvider bean with name authenticationProvider
2025-09-22T13:01:12.770+07:00  WARN 9048 --- [secure-web] [           main] r$InitializeUserDetailsManagerConfigurer : Global AuthenticationManager configured with an AuthenticationProvider bean. UserDetailsService beans will not be used for username/password login. Consider removing the AuthenticationProvider bean. Alternatively, consider using the UserDetailsService in a manually instantiated DaoAuthenticationProvider.
2025-09-22T13:01:13.129+07:00  INFO 9048 --- [secure-web] [           main] o.s.s.web.DefaultSecurityFilterChain     : Will secure any request with [org.springframework.security.web.session.DisableEncodeUrlFilter@769b1d1c, org.springframework.security.web.context.request.async.WebAsyncManagerIntegrationFilter@c5e7696, org.springframework.security.web.context.SecurityContextHolderFilter@260043d, org.springframework.security.web.header.HeaderWriterFilter@28532753, org.springframework.web.filter.CorsFilter@4f579582, org.springframework.security.web.csrf.CsrfFilter@4ee1c29a, org.springframework.security.web.authentication.logout.LogoutFilter@5cfa9e8a, org.springframework.security.web.authentication.UsernamePasswordAuthenticationFilter@1f4b8027, org.springframework.security.web.savedrequest.RequestCacheAwareFilter@5e1e19af, org.springframework.security.web.servletapi.SecurityContextHolderAwareRequestFilter@35d145fb, org.springframework.security.web.authentication.AnonymousAuthenticationFilter@4769e70c, org.springframework.security.web.access.ExceptionTranslationFilter@4d1f168, org.springframework.security.web.access.intercept.AuthorizationFilter@202b5293]
2025-09-22T13:01:13.426+07:00  INFO 9048 --- [secure-web] [           main] o.s.b.a.h2.H2ConsoleAutoConfiguration    : H2 console available at '/h2-console'. Database available at 'jdbc:h2:mem:testdb'
2025-09-22T13:01:13.529+07:00  INFO 9048 --- [secure-web] [           main] o.s.b.t.m.w.SpringBootMockServletContext : Initializing Spring TestDispatcherServlet ''
2025-09-22T13:01:13.529+07:00  INFO 9048 --- [secure-web] [           main] o.s.t.web.servlet.TestDispatcherServlet  : Initializing Servlet ''
2025-09-22T13:01:13.531+07:00  INFO 9048 --- [secure-web] [           main] o.s.t.web.servlet.TestDispatcherServlet  : Completed initialization in 1 ms
2025-09-22T13:01:13.552+07:00  INFO 9048 --- [secure-web] [           main] c.e.s.SecuringWebApplicationTests        : Started SecuringWebApplicationTests in 4.88 seconds (process running for 6.06)
Hibernate: insert into users (password,role,username,id) values (?,?,?,default)
Hibernate: insert into users (password,role,username,id) values (?,?,?,default)
]]></system-out>
  </testcase>
  <testcase name="accessSecuredResourceUnauthenticatedThenRedirectsToLogin" classname="com.example.securingweb.SecuringWebApplicationTests" time="0.013"/>
  <testcase name="loginWithInvalidUserThenUnauthenticated" classname="com.example.securingweb.SecuringWebApplicationTests" time="0.307">
    <system-out><![CDATA[Hibernate: select u1_0.id,u1_0.password,u1_0.role,u1_0.username from users u1_0 where u1_0.username=?
]]></system-out>
  </testcase>
  <testcase name="loginWithValidUserThenAuthenticated" classname="com.example.securingweb.SecuringWebApplicationTests" time="0.077">
    <failure message="Authentication should not be null" type="java.lang.AssertionError"><![CDATA[java.lang.AssertionError: Authentication should not be null
	at org.springframework.test.util.AssertionErrors.fail(AssertionErrors.java:37)
	at org.springframework.test.util.AssertionErrors.assertTrue(AssertionErrors.java:70)
	at org.springframework.security.test.web.servlet.response.SecurityMockMvcResultMatchers$AuthenticatedMatcher.match(SecurityMockMvcResultMatchers.java:103)
	at org.springframework.test.web.servlet.MockMvc$1.andExpect(MockMvc.java:214)
	at com.example.securingweb.SecuringWebApplicationTests.loginWithValidUserThenAuthenticated(SecuringWebApplicationTests.java:34)
	at java.base/java.lang.reflect.Method.invoke(Method.java:568)
	at java.base/java.util.ArrayList.forEach(ArrayList.java:1511)
	at java.base/java.util.ArrayList.forEach(ArrayList.java:1511)
]]></failure>
    <system-out><![CDATA[Hibernate: select u1_0.id,u1_0.password,u1_0.role,u1_0.username from users u1_0 where u1_0.username=?

MockHttpServletRequest:
      HTTP Method = POST
      Request URI = /login
       Parameters = {username=[user], password=[password], _csrf=[QbqdYJLfnoEeFVRwC0q-Q-BhaCigT3wZBNJoA45DrrDGdkRredj8Waq5rrEzJGMVPmeKcIUERRCYK000ZbFdZ79wl9XwQCdS]}
          Headers = [Accept:"application/x-www-form-urlencoded"]
             Body = null
    Session Attrs = {SPRING_SECURITY_LAST_EXCEPTION=org.springframework.security.authentication.BadCredentialsException: Bad credentials}

Handler:
             Type = null

Async:
    Async started = false
     Async result = null

Resolved Exception:
             Type = null

ModelAndView:
        View name = null
             View = null
            Model = null

FlashMap:
       Attributes = null

MockHttpServletResponse:
           Status = 302
    Error message = null
          Headers = [Vary:"Origin", "Access-Control-Request-Method", "Access-Control-Request-Headers", X-Content-Type-Options:"nosniff", X-XSS-Protection:"0", Cache-Control:"no-cache, no-store, max-age=0, must-revalidate", Pragma:"no-cache", Expires:"0", X-Frame-Options:"DENY", Location:"/login?error"]
     Content type = null
             Body = 
    Forwarded URL = null
   Redirected URL = /login?error
          Cookies = []
]]></system-out>
  </testcase>
  <testcase name="accessSecuredResourceAuthenticatedThenOk" classname="com.example.securingweb.SecuringWebApplicationTests" time="0.088"/>
</testsuite>